2023-06-20 19:37:07.993+0000 INFO  Starting...
2023-06-20 19:37:09.703+0000 INFO  This instance is ServerId{a2855462} (a2855462-655c-4300-8ed9-fe32b54fc6c7)
2023-06-20 19:37:11.165+0000 INFO  ======== Neo4j 5.9.0 ========
2023-06-20 19:37:15.351+0000 INFO  Bolt enabled on 0.0.0.0:7687.
2023-06-20 19:37:16.185+0000 INFO  Remote interface available at http://localhost:7474/
2023-06-20 19:37:16.195+0000 INFO  id: 4FA77AEB37E3539BDAC9FF2D84A25F93D7B57217F3830DB85A51BC0F5AFC37A8
2023-06-20 19:37:16.200+0000 INFO  name: system
2023-06-20 19:37:16.202+0000 INFO  creationDate: 2023-06-20T19:37:12.708Z
2023-06-20 19:37:16.203+0000 INFO  Started.
2023-06-20 19:37:32.462+0000 INFO  Neo4j Server shutdown initiated by request
2023-06-20 19:37:32.469+0000 INFO  Stopping...
2023-06-20 19:37:38.119+0000 INFO  Stopped.
2023-06-20 19:55:16.978+0000 INFO  Starting...
2023-06-20 19:55:18.061+0000 INFO  This instance is ServerId{a2855462} (a2855462-655c-4300-8ed9-fe32b54fc6c7)
2023-06-20 19:55:18.868+0000 INFO  ======== Neo4j 5.9.0 ========
2023-06-20 19:55:21.433+0000 INFO  Bolt enabled on 0.0.0.0:7687.
2023-06-20 19:55:22.276+0000 INFO  Remote interface available at http://localhost:7474/
2023-06-20 19:55:22.289+0000 INFO  id: 4FA77AEB37E3539BDAC9FF2D84A25F93D7B57217F3830DB85A51BC0F5AFC37A8
2023-06-20 19:55:22.298+0000 INFO  name: system
2023-06-20 19:55:22.307+0000 INFO  creationDate: 2023-06-20T19:37:12.708Z
2023-06-20 19:55:22.315+0000 INFO  Started.
2023-06-20 19:56:01.089+0000 INFO  Neo4j Server shutdown initiated by request
2023-06-20 19:56:01.102+0000 INFO  Stopping...
2023-06-20 19:56:06.432+0000 INFO  Stopped.
2023-06-20 19:56:24.765+0000 INFO  Starting...
2023-06-20 19:56:25.828+0000 INFO  This instance is ServerId{a2855462} (a2855462-655c-4300-8ed9-fe32b54fc6c7)
2023-06-20 19:56:26.537+0000 INFO  ======== Neo4j 5.9.0 ========
2023-06-20 19:56:28.172+0000 INFO  Bolt enabled on 0.0.0.0:7687.
2023-06-20 19:56:28.710+0000 INFO  Remote interface available at http://localhost:7474/
2023-06-20 19:56:28.714+0000 INFO  id: 4FA77AEB37E3539BDAC9FF2D84A25F93D7B57217F3830DB85A51BC0F5AFC37A8
2023-06-20 19:56:28.715+0000 INFO  name: system
2023-06-20 19:56:28.718+0000 INFO  creationDate: 2023-06-20T19:37:12.708Z
2023-06-20 19:56:28.721+0000 INFO  Started.
2023-06-20 20:08:00.613+0000 INFO  Neo4j Server shutdown initiated by request
2023-06-20 20:08:00.629+0000 INFO  Stopping...
2023-06-20 20:08:05.933+0000 INFO  Stopped.
2023-06-20 20:08:13.640+0000 INFO  Starting...
2023-06-20 20:08:14.636+0000 INFO  This instance is ServerId{a2855462} (a2855462-655c-4300-8ed9-fe32b54fc6c7)
2023-06-20 20:08:15.289+0000 INFO  ======== Neo4j 5.9.0 ========
2023-06-20 20:08:16.877+0000 INFO  Bolt enabled on 0.0.0.0:7687.
2023-06-20 20:08:17.530+0000 INFO  Remote interface available at http://localhost:7474/
2023-06-20 20:08:17.536+0000 INFO  id: 4FA77AEB37E3539BDAC9FF2D84A25F93D7B57217F3830DB85A51BC0F5AFC37A8
2023-06-20 20:08:17.538+0000 INFO  name: system
2023-06-20 20:08:17.539+0000 INFO  creationDate: 2023-06-20T19:37:12.708Z
2023-06-20 20:08:17.541+0000 INFO  Started.
2023-06-20 20:16:12.047+0000 INFO  Neo4j Server shutdown initiated by request
2023-06-20 20:16:12.063+0000 INFO  Stopping...
2023-06-20 20:16:17.687+0000 INFO  Stopped.
2023-06-20 20:16:31.116+0000 INFO  Starting...
2023-06-20 20:16:32.009+0000 INFO  This instance is ServerId{a2855462} (a2855462-655c-4300-8ed9-fe32b54fc6c7)
2023-06-20 20:16:32.643+0000 INFO  ======== Neo4j 5.9.0 ========
2023-06-20 20:16:34.147+0000 INFO  Bolt enabled on 0.0.0.0:7687.
2023-06-20 20:16:34.648+0000 INFO  Remote interface available at http://localhost:7474/
2023-06-20 20:16:34.652+0000 INFO  id: 4FA77AEB37E3539BDAC9FF2D84A25F93D7B57217F3830DB85A51BC0F5AFC37A8
2023-06-20 20:16:34.653+0000 INFO  name: system
2023-06-20 20:16:34.654+0000 INFO  creationDate: 2023-06-20T19:37:12.708Z
2023-06-20 20:16:34.655+0000 INFO  Started.
2023-06-20 20:17:14.071+0000 INFO  Neo4j Server shutdown initiated by request
2023-06-20 20:17:14.086+0000 INFO  Stopping...
2023-06-20 20:17:19.529+0000 INFO  Stopped.
